<?xml version="1.0" encoding="UTF-8"?>
<!-- Generated by org.testng.reporters.JUnitReportReporter -->
<testsuite hostname="LTIN518690" failures="0" tests="8" name="practo.TestNgMain" time="27.047" errors="0" timestamp="2024-05-06T10:23:02 IST" skipped="0">
  <testcase classname="practo.TestNgMain" name="cityAndDoctors" time="4.432"/>
  <testcase classname="practo.TestNgMain" name="Stories" time="8.243"/>
  <testcase classname="practo.TestNgMain" name="getDoctorsDetails" time="0.114"/>
  <testcase classname="practo.TestNgMain" name="clickMedicines" time="2.678"/>
  <testcase classname="practo.TestNgMain" name="scrollwindow" time="2.122"/>
  <testcase classname="practo.TestNgMain" name="clickHealthAndWellness" time="4.877"/>
  <testcase classname="practo.TestNgMain" name="nameof" time="4.547"/>
  <testcase classname="practo.TestNgMain" name="thankyouInformation" time="0.034"/>
</testsuite> <!-- practo.TestNgMain -->
